Compiling the C compiler identification source file "CMakeCCompilerId.c" failed.
Compiler: /Library/Developer/CommandLineTools/usr/bin/cc 
Build flags: 
Id flags:  

The output was:
1
ld: library not found for -lSystem
clang: error: linker command failed with exit code 1 (use -v to see invocation)


Compiling the CXX compiler identification source file "CMakeCXXCompilerId.cpp" failed.
Compiler: /Library/Developer/CommandLineTools/usr/bin/c++ 
Build flags: 
Id flags:  

The output was:
1
ld: library not found for -lc++
clang: error: linker command failed with exit code 1 (use -v to see invocation)


Performing C SOURCE FILE Test CMAKE_HAVE_LIBC_PTHREAD failed with the following output:
Change Dir: /home/tom/clifford-errors/build/CMakeFiles/CMakeTmp

Run Build Command(s):/usr/bin/gmake -f Makefile cmTC_5fda5/fast && /usr/bin/gmake  -f CMakeFiles/cmTC_5fda5.dir/build.make CMakeFiles/cmTC_5fda5.dir/build
gmake[1]: Entering directory '/home/tom/clifford-errors/build/CMakeFiles/CMakeTmp'
Building C object CMakeFiles/cmTC_5fda5.dir/src.c.o
/usr/bin/cc -DCMAKE_HAVE_LIBC_PTHREAD   -o CMakeFiles/cmTC_5fda5.dir/src.c.o -c /home/tom/clifford-errors/build/CMakeFiles/CMakeTmp/src.c
Linking C executable cmTC_5fda5
/usr/bin/cmake -E cmake_link_script CMakeFiles/cmTC_5fda5.dir/link.txt --verbose=1
/usr/bin/cc -rdynamic CMakeFiles/cmTC_5fda5.dir/src.c.o -o cmTC_5fda5 
CMakeFiles/cmTC_5fda5.dir/src.c.o: In function `main':
src.c:(.text+0x2d): undefined reference to `pthread_create'
src.c:(.text+0x39): undefined reference to `pthread_detach'
src.c:(.text+0x45): undefined reference to `pthread_cancel'
src.c:(.text+0x56): undefined reference to `pthread_join'
collect2: error: ld returned 1 exit status
gmake[1]: *** [CMakeFiles/cmTC_5fda5.dir/build.make:99: cmTC_5fda5] Error 1
gmake[1]: Leaving directory '/home/tom/clifford-errors/build/CMakeFiles/CMakeTmp'
gmake: *** [Makefile:127: cmTC_5fda5/fast] Error 2


Source file was:
#include <pthread.h>

static void* test_func(void* data)
{
  return data;
}

int main(void)
{
  pthread_t thread;
  pthread_create(&thread, NULL, test_func, NULL);
  pthread_detach(thread);
  pthread_cancel(thread);
  pthread_join(thread, NULL);
  pthread_atfork(NULL, NULL, NULL);
  pthread_exit(NULL);

  return 0;
}

Determining if the function pthread_create exists in the pthreads failed with the following output:
Change Dir: /home/tom/clifford-errors/build/CMakeFiles/CMakeTmp

Run Build Command(s):/usr/bin/gmake -f Makefile cmTC_1c9fb/fast && /usr/bin/gmake  -f CMakeFiles/cmTC_1c9fb.dir/build.make CMakeFiles/cmTC_1c9fb.dir/build
gmake[1]: Entering directory '/home/tom/clifford-errors/build/CMakeFiles/CMakeTmp'
Building C object CMakeFiles/cmTC_1c9fb.dir/CheckFunctionExists.c.o
/usr/bin/cc   -DCHECK_FUNCTION_EXISTS=pthread_create -o CMakeFiles/cmTC_1c9fb.dir/CheckFunctionExists.c.o -c /usr/share/cmake/Modules/CheckFunctionExists.c
Linking C executable cmTC_1c9fb
/usr/bin/cmake -E cmake_link_script CMakeFiles/cmTC_1c9fb.dir/link.txt --verbose=1
/usr/bin/cc  -DCHECK_FUNCTION_EXISTS=pthread_create -rdynamic CMakeFiles/cmTC_1c9fb.dir/CheckFunctionExists.c.o -o cmTC_1c9fb  -lpthreads 
/usr/bin/ld: cannot find -lpthreads
collect2: error: ld returned 1 exit status
gmake[1]: *** [CMakeFiles/cmTC_1c9fb.dir/build.make:99: cmTC_1c9fb] Error 1
gmake[1]: Leaving directory '/home/tom/clifford-errors/build/CMakeFiles/CMakeTmp'
gmake: *** [Makefile:127: cmTC_1c9fb/fast] Error 2



Compiling the C compiler identification source file "CMakeCCompilerId.c" failed.
Compiler: /Library/Developer/CommandLineTools/usr/bin/cc 
Build flags: 
Id flags:  

The output was:
1
ld: library not found for -lSystem
clang: error: linker command failed with exit code 1 (use -v to see invocation)


Compiling the CXX compiler identification source file "CMakeCXXCompilerId.cpp" failed.
Compiler: /Library/Developer/CommandLineTools/usr/bin/c++ 
Build flags: 
Id flags:  

The output was:
1
ld: library not found for -lc++
clang: error: linker command failed with exit code 1 (use -v to see invocation)


